2017-04-26 16:28:18,352 [Worker-2] INFO  c.g.t.t.d.PublishedGradleVersions - Gradle version information cache is not available. Remote download required.
2017-04-26 16:28:36,924 [Worker-1] ERROR o.e.jgit.ignore.FastIgnoreRule - Exception caught while parsing ignore rule 'configuration.org[*Org Src configuration.org[ emacs-lisp ]*]'.
org.eclipse.jgit.errors.InvalidPatternException: Exception caught while parsing ignore rule 'configuration.org[*Org Src configuration.org[ emacs-lisp ]*]'.
	at org.eclipse.jgit.ignore.internal.Strings.convertGlob(Strings.java:439) ~[org.eclipse.jgit_4.6.1.201703071140-r.jar:4.6.1.201703071140-r]
	at org.eclipse.jgit.ignore.internal.WildCardMatcher.<init>(WildCardMatcher.java:66) ~[org.eclipse.jgit_4.6.1.201703071140-r.jar:4.6.1.201703071140-r]
	at org.eclipse.jgit.ignore.internal.PathMatcher.createNameMatcher0(PathMatcher.java:169) ~[org.eclipse.jgit_4.6.1.201703071140-r.jar:4.6.1.201703071140-r]
	at org.eclipse.jgit.ignore.internal.PathMatcher.createMatchers(PathMatcher.java:98) ~[org.eclipse.jgit_4.6.1.201703071140-r.jar:4.6.1.201703071140-r]
	at org.eclipse.jgit.ignore.internal.PathMatcher.<init>(PathMatcher.java:83) ~[org.eclipse.jgit_4.6.1.201703071140-r.jar:4.6.1.201703071140-r]
	at org.eclipse.jgit.ignore.internal.PathMatcher.createPathMatcher(PathMatcher.java:127) ~[org.eclipse.jgit_4.6.1.201703071140-r.jar:4.6.1.201703071140-r]
	at org.eclipse.jgit.ignore.FastIgnoreRule.<init>(FastIgnoreRule.java:128) ~[org.eclipse.jgit_4.6.1.201703071140-r.jar:4.6.1.201703071140-r]
	at org.eclipse.jgit.ignore.IgnoreNode.parse(IgnoreNode.java:113) [org.eclipse.jgit_4.6.1.201703071140-r.jar:4.6.1.201703071140-r]
	at org.eclipse.jgit.treewalk.WorkingTreeIterator$PerDirectoryIgnoreNode.load(WorkingTreeIterator.java:1242) [org.eclipse.jgit_4.6.1.201703071140-r.jar:4.6.1.201703071140-r]
	at org.eclipse.jgit.treewalk.WorkingTreeIterator$RootIgnoreNode.load(WorkingTreeIterator.java:1263) [org.eclipse.jgit_4.6.1.201703071140-r.jar:4.6.1.201703071140-r]
	at org.eclipse.jgit.treewalk.WorkingTreeIterator.getIgnoreNode(WorkingTreeIterator.java:698) [org.eclipse.jgit_4.6.1.201703071140-r.jar:4.6.1.201703071140-r]
	at org.eclipse.jgit.treewalk.WorkingTreeIterator.isEntryIgnored(WorkingTreeIterator.java:666) [org.eclipse.jgit_4.6.1.201703071140-r.jar:4.6.1.201703071140-r]
	at org.eclipse.jgit.treewalk.WorkingTreeIterator.isEntryIgnored(WorkingTreeIterator.java:691) [org.eclipse.jgit_4.6.1.201703071140-r.jar:4.6.1.201703071140-r]
	at org.eclipse.jgit.treewalk.WorkingTreeIterator.isEntryIgnored(WorkingTreeIterator.java:691) [org.eclipse.jgit_4.6.1.201703071140-r.jar:4.6.1.201703071140-r]
	at org.eclipse.jgit.treewalk.WorkingTreeIterator.isEntryIgnored(WorkingTreeIterator.java:691) [org.eclipse.jgit_4.6.1.201703071140-r.jar:4.6.1.201703071140-r]
	at org.eclipse.jgit.treewalk.WorkingTreeIterator.isEntryIgnored(WorkingTreeIterator.java:646) [org.eclipse.jgit_4.6.1.201703071140-r.jar:4.6.1.201703071140-r]
	at org.eclipse.jgit.treewalk.WorkingTreeIterator.isEntryIgnored(WorkingTreeIterator.java:633) [org.eclipse.jgit_4.6.1.201703071140-r.jar:4.6.1.201703071140-r]
	at org.eclipse.egit.core.op.IgnoreOperation.pruneFolder(IgnoreOperation.java:207) [org.eclipse.egit.core_4.6.1.201703071140-r.jar:na]
	at org.eclipse.egit.core.op.IgnoreOperation.pruneFolderMap(IgnoreOperation.java:158) [org.eclipse.egit.core_4.6.1.201703071140-r.jar:na]
	at org.eclipse.egit.core.op.IgnoreOperation.execute(IgnoreOperation.java:104) [org.eclipse.egit.core_4.6.1.201703071140-r.jar:na]
	at org.eclipse.egit.core.op.ConnectProviderOperation.autoIgnoreDerivedResources(ConnectProviderOperation.java:222) [org.eclipse.egit.core_4.6.1.201703071140-r.jar:na]
	at org.eclipse.egit.core.op.ConnectProviderOperation.connectProject(ConnectProviderOperation.java:171) [org.eclipse.egit.core_4.6.1.201703071140-r.jar:na]
	at org.eclipse.egit.core.op.ConnectProviderOperation.execute(ConnectProviderOperation.java:102) [org.eclipse.egit.core_4.6.1.201703071140-r.jar:na]
	at org.eclipse.egit.core.internal.job.JobUtil$1.run(JobUtil.java:53) [org.eclipse.egit.core_4.6.1.201703071140-r.jar:na]
	at org.eclipse.core.internal.jobs.Worker.run(Worker.java:55) [org.eclipse.core.jobs_3.8.0.v20160509-0411.jar:na]
Caused by: java.util.regex.PatternSyntaxException: Illegal character range near index 55
configuration\.org[*Org Src configuration\.org\[ emacs-lisp ].*\]
                                                       ^
	at java.util.regex.Pattern.error(Pattern.java:1955) ~[na:1.8.0_121]
	at java.util.regex.Pattern.range(Pattern.java:2655) ~[na:1.8.0_121]
	at java.util.regex.Pattern.clazz(Pattern.java:2562) ~[na:1.8.0_121]
	at java.util.regex.Pattern.sequence(Pattern.java:2063) ~[na:1.8.0_121]
	at java.util.regex.Pattern.expr(Pattern.java:1996) ~[na:1.8.0_121]
	at java.util.regex.Pattern.compile(Pattern.java:1696) ~[na:1.8.0_121]
	at java.util.regex.Pattern.<init>(Pattern.java:1351) ~[na:1.8.0_121]
	at java.util.regex.Pattern.compile(Pattern.java:1028) ~[na:1.8.0_121]
	at org.eclipse.jgit.ignore.internal.Strings.convertGlob(Strings.java:436) ~[org.eclipse.jgit_4.6.1.201703071140-r.jar:4.6.1.201703071140-r]
	... 24 common frames omitted
2017-04-26 16:28:37,673 [Worker-1] ERROR o.e.jgit.ignore.FastIgnoreRule - Exception caught while parsing ignore rule 'configuration.org[*Org Src configuration.org[ emacs-lisp ]*]'.
org.eclipse.jgit.errors.InvalidPatternException: Exception caught while parsing ignore rule 'configuration.org[*Org Src configuration.org[ emacs-lisp ]*]'.
	at org.eclipse.jgit.ignore.internal.Strings.convertGlob(Strings.java:439) ~[org.eclipse.jgit_4.6.1.201703071140-r.jar:4.6.1.201703071140-r]
	at org.eclipse.jgit.ignore.internal.WildCardMatcher.<init>(WildCardMatcher.java:66) ~[org.eclipse.jgit_4.6.1.201703071140-r.jar:4.6.1.201703071140-r]
	at org.eclipse.jgit.ignore.internal.PathMatcher.createNameMatcher0(PathMatcher.java:169) ~[org.eclipse.jgit_4.6.1.201703071140-r.jar:4.6.1.201703071140-r]
	at org.eclipse.jgit.ignore.internal.PathMatcher.createMatchers(PathMatcher.java:98) ~[org.eclipse.jgit_4.6.1.201703071140-r.jar:4.6.1.201703071140-r]
	at org.eclipse.jgit.ignore.internal.PathMatcher.<init>(PathMatcher.java:83) ~[org.eclipse.jgit_4.6.1.201703071140-r.jar:4.6.1.201703071140-r]
	at org.eclipse.jgit.ignore.internal.PathMatcher.createPathMatcher(PathMatcher.java:127) ~[org.eclipse.jgit_4.6.1.201703071140-r.jar:4.6.1.201703071140-r]
	at org.eclipse.jgit.ignore.FastIgnoreRule.<init>(FastIgnoreRule.java:128) ~[org.eclipse.jgit_4.6.1.201703071140-r.jar:4.6.1.201703071140-r]
	at org.eclipse.jgit.ignore.IgnoreNode.parse(IgnoreNode.java:113) [org.eclipse.jgit_4.6.1.201703071140-r.jar:4.6.1.201703071140-r]
	at org.eclipse.jgit.treewalk.WorkingTreeIterator$PerDirectoryIgnoreNode.load(WorkingTreeIterator.java:1242) [org.eclipse.jgit_4.6.1.201703071140-r.jar:4.6.1.201703071140-r]
	at org.eclipse.jgit.treewalk.WorkingTreeIterator$RootIgnoreNode.load(WorkingTreeIterator.java:1263) [org.eclipse.jgit_4.6.1.201703071140-r.jar:4.6.1.201703071140-r]
	at org.eclipse.jgit.treewalk.WorkingTreeIterator.getIgnoreNode(WorkingTreeIterator.java:698) [org.eclipse.jgit_4.6.1.201703071140-r.jar:4.6.1.201703071140-r]
	at org.eclipse.jgit.treewalk.WorkingTreeIterator.isEntryIgnored(WorkingTreeIterator.java:666) [org.eclipse.jgit_4.6.1.201703071140-r.jar:4.6.1.201703071140-r]
	at org.eclipse.jgit.treewalk.WorkingTreeIterator.isEntryIgnored(WorkingTreeIterator.java:646) [org.eclipse.jgit_4.6.1.201703071140-r.jar:4.6.1.201703071140-r]
	at org.eclipse.jgit.treewalk.WorkingTreeIterator.isEntryIgnored(WorkingTreeIterator.java:633) [org.eclipse.jgit_4.6.1.201703071140-r.jar:4.6.1.201703071140-r]
	at org.eclipse.jgit.treewalk.filter.IndexDiffFilter.include(IndexDiffFilter.java:158) [org.eclipse.jgit_4.6.1.201703071140-r.jar:4.6.1.201703071140-r]
	at org.eclipse.jgit.treewalk.filter.AndTreeFilter$List.include(AndTreeFilter.java:163) [org.eclipse.jgit_4.6.1.201703071140-r.jar:4.6.1.201703071140-r]
	at org.eclipse.jgit.treewalk.TreeWalk.next(TreeWalk.java:828) [org.eclipse.jgit_4.6.1.201703071140-r.jar:4.6.1.201703071140-r]
	at org.eclipse.jgit.lib.IndexDiff.diff(IndexDiff.java:439) [org.eclipse.jgit_4.6.1.201703071140-r.jar:4.6.1.201703071140-r]
	at org.eclipse.egit.core.internal.indexdiff.IndexDiffCacheEntry.calcIndexDiffDataFull(IndexDiffCacheEntry.java:665) [org.eclipse.egit.core_4.6.1.201703071140-r.jar:na]
	at org.eclipse.egit.core.internal.indexdiff.IndexDiffCacheEntry.access$8(IndexDiffCacheEntry.java:653) [org.eclipse.egit.core_4.6.1.201703071140-r.jar:na]
	at org.eclipse.egit.core.internal.indexdiff.IndexDiffCacheEntry$4.run(IndexDiffCacheEntry.java:403) [org.eclipse.egit.core_4.6.1.201703071140-r.jar:na]
	at org.eclipse.core.internal.jobs.Worker.run(Worker.java:55) [org.eclipse.core.jobs_3.8.0.v20160509-0411.jar:na]
Caused by: java.util.regex.PatternSyntaxException: Illegal character range near index 55
configuration\.org[*Org Src configuration\.org\[ emacs-lisp ].*\]
                                                       ^
	at java.util.regex.Pattern.error(Pattern.java:1955) ~[na:1.8.0_121]
	at java.util.regex.Pattern.range(Pattern.java:2655) ~[na:1.8.0_121]
	at java.util.regex.Pattern.clazz(Pattern.java:2562) ~[na:1.8.0_121]
	at java.util.regex.Pattern.sequence(Pattern.java:2063) ~[na:1.8.0_121]
	at java.util.regex.Pattern.expr(Pattern.java:1996) ~[na:1.8.0_121]
	at java.util.regex.Pattern.compile(Pattern.java:1696) ~[na:1.8.0_121]
	at java.util.regex.Pattern.<init>(Pattern.java:1351) ~[na:1.8.0_121]
	at java.util.regex.Pattern.compile(Pattern.java:1028) ~[na:1.8.0_121]
	at org.eclipse.jgit.ignore.internal.Strings.convertGlob(Strings.java:436) ~[org.eclipse.jgit_4.6.1.201703071140-r.jar:4.6.1.201703071140-r]
	... 21 common frames omitted
